{
  "RSpec": {
    "coverage": {
      "/Users/emilydowdle1/Dropbox/turing_work/sticker_shop/app/models/user.rb": [
        1,
        1,
        1,
        1,
        null,
        null,
        1,
        null,
        1,
        null
      ],
      "/Users/emilydowdle1/Dropbox/turing_work/sticker_shop/app/controllers/session_controller.rb": [
        1,
        1,
        null,
        null,
        1,
        18,
        18,
        18,
        10,
        10,
        8,
        8,
        8,
        null,
        0,
        0,
        null,
        null,
        0,
        0,
        null,
        null,
        null,
        1,
        1,
        1,
        1,
        null,
        null
      ],
      "/Users/emilydowdle1/Dropbox/turing_work/sticker_shop/app/controllers/application_controller.rb": [
        1,
        1,
        1,
        1,
        null,
        1,
        198,
        null,
        null,
        1,
        230,
        null,
        null,
        1,
        36,
        null,
        null,
        1,
        null,
        null
      ],
      "/Users/emilydowdle1/Dropbox/turing_work/sticker_shop/app/helpers/application_helper.rb": [
        1,
        null
      ],
      "/Users/emilydowdle1/Dropbox/turing_work/sticker_shop/app/models/cart.rb": [
        1,
        1,
        null,
        1,
        203,
        null,
        null,
        1,
        21,
        21,
        null,
        null,
        1,
        2,
        2,
        null,
        null,
        1,
        1,
        null,
        null,
        1,
        159,
        null,
        null,
        1,
        14,
        16,
        null,
        14,
        null,
        null,
        1,
        1,
        null,
        null,
        1,
        28,
        32,
        32,
        null,
        null,
        null
      ],
      "/Users/emilydowdle1/Dropbox/turing_work/sticker_shop/app/controllers/admin/dashboard_controller.rb": [
        1,
        1,
        11,
        null,
        null,
        1,
        0,
        0,
        0,
        null,
        null,
        null
      ],
      "/Users/emilydowdle1/Dropbox/turing_work/sticker_shop/app/controllers/admin/base_controller.rb": [
        1,
        1,
        null,
        1,
        36,
        null,
        null
      ],
      "/Users/emilydowdle1/Dropbox/turing_work/sticker_shop/app/models/order.rb": [
        1,
        1,
        1,
        null,
        12,
        12,
        12,
        12,
        null,
        1,
        8,
        2,
        null,
        null,
        null
      ],
      "/Users/emilydowdle1/Dropbox/turing_work/sticker_shop/app/controllers/users_controller.rb": [
        1,
        1,
        1,
        null,
        null,
        1,
        1,
        1,
        1,
        null,
        1,
        1,
        null,
        0,
        0,
        null,
        null,
        null,
        1,
        3,
        null,
        null,
        1,
        1,
        null,
        null,
        1,
        1,
        1,
        null,
        1,
        1,
        null,
        null,
        1,
        null,
        1,
        2,
        null,
        null,
        null,
        null,
        null
      ],
      "/Users/emilydowdle1/Dropbox/turing_work/sticker_shop/app/models/sticker.rb": [
        1,
        1,
        null,
        1,
        1,
        null,
        1,
        1,
        null,
        1,
        null,
        null,
        null,
        null,
        null,
        1,
        null,
        null
      ],
      "/Users/emilydowdle1/Dropbox/turing_work/sticker_shop/app/models/category.rb": [
        1,
        1,
        null,
        null,
        1,
        null,
        1,
        null,
        1,
        7,
        null,
        null,
        1,
        6,
        null,
        null
      ],
      "/Users/emilydowdle1/Dropbox/turing_work/sticker_shop/app/models/order_sticker.rb": [
        1,
        1,
        1,
        null
      ],
      "/Users/emilydowdle1/Dropbox/turing_work/sticker_shop/app/controllers/categories_controller.rb": [
        1,
        1,
        3,
        null,
        null,
        1,
        3,
        null,
        null
      ],
      "/Users/emilydowdle1/Dropbox/turing_work/sticker_shop/app/controllers/stickers_controller.rb": [
        1,
        1,
        51,
        0,
        0,
        null,
        51,
        null,
        null,
        null,
        1,
        3,
        null,
        null,
        1,
        2,
        2,
        2,
        2,
        2,
        null,
        0,
        0,
        null,
        null,
        null,
        1,
        null,
        1,
        2,
        null,
        null,
        null,
        null,
        null,
        null
      ],
      "/Users/emilydowdle1/Dropbox/turing_work/sticker_shop/app/controllers/cart_stickers_controller.rb": [
        1,
        1,
        19,
        19,
        19,
        19,
        19,
        null,
        null,
        1,
        2,
        2,
        1,
        1,
        1,
        null,
        1,
        1,
        1,
        null,
        2,
        null,
        null,
        1,
        1,
        1,
        1,
        1,
        1,
        null,
        null
      ],
      "/Users/emilydowdle1/Dropbox/turing_work/sticker_shop/app/controllers/cart_controller.rb": [
        1,
        1,
        null,
        null
      ],
      "/Users/emilydowdle1/Dropbox/turing_work/sticker_shop/app/models/cart_sticker.rb": [
        1,
        1,
        null,
        null,
        1,
        34,
        34,
        34,
        null,
        null,
        1,
        17,
        null,
        null
      ],
      "/Users/emilydowdle1/Dropbox/turing_work/sticker_shop/app/controllers/orders_controller.rb": [
        1,
        1,
        null,
        1,
        5,
        null,
        null,
        1,
        2,
        0,
        0,
        null,
        2,
        4,
        2,
        2,
        2,
        null,
        null,
        null,
        1,
        2,
        null,
        null,
        1,
        null,
        1,
        11,
        2,
        null,
        null,
        null
      ],
      "/Users/emilydowdle1/Dropbox/turing_work/sticker_shop/app/controllers/admin/stickers_controller.rb": [
        1,
        1,
        5,
        null,
        null,
        1,
        6,
        null,
        null,
        1,
        6,
        6,
        6,
        0,
        0,
        6,
        1,
        1,
        5,
        5,
        5,
        null,
        0,
        0,
        null,
        null,
        null,
        1,
        3,
        null,
        null,
        null,
        null,
        1,
        null,
        1,
        12,
        null,
        null,
        null,
        null,
        null,
        null
      ]
    },
    "timestamp": 1447899373
  }
}
